<?xml version="1.0" encoding="UTF-8"?>
<testng-results ignored="0" total="1" passed="1" failed="0" skipped="0">
  <reporter-output>
  </reporter-output>
  <suite started-at="2025-02-24T15:08:16 IST" name="Default suite" finished-at="2025-02-24T15:08:21 IST" duration-ms="5644">
    <groups>
    </groups>
    <test started-at="2025-02-24T15:08:16 IST" name="Default test" finished-at="2025-02-24T15:08:21 IST" duration-ms="5644">
      <class name="testing.Flurn_HomepageLogin">
        <test-method is-config="true" signature="BeforeTest()[pri:0, instance:testing.Flurn_HomepageLogin@47987356]" started-at="2025-02-24T15:08:16 IST" name="BeforeTest" finished-at="2025-02-24T15:08:17 IST" duration-ms="1756" status="PASS">
          <reporter-output>
          </reporter-output>
        </test-method> <!-- BeforeTest -->
        <test-method signature="Login()[pri:0, instance:testing.Flurn_HomepageLogin@47987356]" started-at="2025-02-24T15:08:18 IST" name="Login" finished-at="2025-02-24T15:08:21 IST" duration-ms="3394" status="PASS">
          <reporter-output>
          </reporter-output>
        </test-method> <!-- Login -->
        <test-method is-config="true" signature="closeBrowser()[pri:0, instance:testing.Flurn_HomepageLogin@47987356]" started-at="2025-02-24T15:08:21 IST" name="closeBrowser" finished-at="2025-02-24T15:08:21 IST" duration-ms="379" status="PASS">
          <reporter-output>
          </reporter-output>
        </test-method> <!-- closeBrowser -->
      </class> <!-- testing.Flurn_HomepageLogin -->
    </test> <!-- Default test -->
  </suite> <!-- Default suite -->
</testng-results>
